Build started at 2025-04-25T23:26:32.329203
Main binary: /usr/bin/python3
Build Options: -Dprefix=/usr/local -Dbuildtype=release
Python system: Linux
The Meson build system
Version: 0.61.5
Source dir: /lc0
Build dir: /lc0/build/release
Build type: native build
Project name: lc0
Project version: undefined
Sanity testing C++ compiler: c++
Is cross compiler: False.
Sanity check compiler command line: c++ sanitycheckcpp.cc -o sanitycheckcpp.exe -D_FILE_OFFSET_BITS=64
Sanity check compile stdout:

-----
Sanity check compile stderr:

-----
Running test binary command: /lc0/build/release/meson-private/sanitycheckcpp.exe
C++ compiler for the host machine: c++ (gcc 7.5.0 "c++ (Ubuntu 7.5.0-3ubuntu1~18.04) 7.5.0")
C++ linker for the host machine: c++ ld.bfd 2.30
Sanity testing C++ compiler: c++
Is cross compiler: False.
Sanity check compiler command line: c++ sanitycheckcpp.cc -o sanitycheckcpp.exe -D_FILE_OFFSET_BITS=64
Sanity check compile stdout:

-----
Sanity check compile stderr:

-----
Running test binary command: /lc0/build/release/meson-private/sanitycheckcpp.exe
C++ compiler for the build machine: c++ (gcc 7.5.0 "c++ (Ubuntu 7.5.0-3ubuntu1~18.04) 7.5.0")
C++ linker for the build machine: c++ ld.bfd 2.30
Build machine cpu family: x86_64
Build machine cpu: x86_64
Host machine cpu family: x86_64
Host machine cpu: x86_64
Target machine cpu family: x86_64
Target machine cpu: x86_64
Running compile:
Working directory:  /tmp/tmpudvigmlm
Command line:  c++ /tmp/tmpudvigmlm/testfile.cpp -o /tmp/tmpudvigmlm/output.obj -D_FILE_OFFSET_BITS=64 -c -std=c++17 

Code:
 int i = static_cast<int>(0);
Compiler stdout:
 
Compiler stderr:
 
Compiler accepts -std=c++17: YES
Running compile:
Working directory:  /lc0/build/release/meson-private/tmp_kjgjhk7
Command line:  c++ /lc0/build/release/meson-private/tmp_kjgjhk7/testfile.cpp -E -P -D_FILE_OFFSET_BITS=64 -P -O0 -fpermissive -std=c++17 

Code:
 
        #ifdef __has_include
         #if !__has_include("optional")
          #error "Header 'optional' could not be found"
         #endif
        #else
         #include <optional>
        #endif
Compiler stdout:
 
Compiler stderr:
 
Has header "optional" : YES 
Running compile:
Working directory:  /lc0/build/release/meson-private/tmptl30zypj
Command line:  c++ /lc0/build/release/meson-private/tmptl30zypj/testfile.cpp -E -P -D_FILE_OFFSET_BITS=64 -P -O0 -fpermissive -std=c++17 

Code:
 
        #ifdef __has_include
         #if !__has_include("string_view")
          #error "Header 'string_view' could not be found"
         #endif
        #else
         #include <string_view>
        #endif
Compiler stdout:
 
Compiler stderr:
 
Has header "string_view" : YES 
Running compile:
Working directory:  /lc0/build/release/meson-private/tmpunzpju5_
Command line:  c++ /lc0/build/release/meson-private/tmpunzpju5_/testfile.cpp -E -P -D_FILE_OFFSET_BITS=64 -P -O0 -fpermissive -std=c++17 

Code:
 
        #ifdef __has_include
         #if !__has_include("charconv")
          #error "Header 'charconv' could not be found"
         #endif
        #else
         #include <charconv>
        #endif
Compiler stdout:
 
Compiler stderr:
 /lc0/build/release/meson-private/tmpunzpju5_/testfile.cpp:4:12: error: #error "Header 'charconv' could not be found"
           #error "Header 'charconv' could not be found"
            ^~~~~

Has header "charconv" : NO 
meson.build:30: WARNING: Your compiler or library does not have full C++17 support. See the README for compilers that are known to be working. This will become an error in the future.
Running compile:
Working directory:  /lc0/build/release/meson-private/tmp_vhlngyr
Command line:  c++ /lc0/build/release/meson-private/tmp_vhlngyr/testfile.cpp -o /lc0/build/release/meson-private/tmp_vhlngyr/output.obj -c -D_FILE_OFFSET_BITS=64 -O0 -fpermissive -march=native 

Code:
 extern int i;
int i;

Compiler stdout:
 
Compiler stderr:
 
Compiler for C++ supports arguments -march=native: YES 
Program scripts/compile_proto.py found: YES (/lc0/scripts/compile_proto.py)
Program git found: YES (/usr/bin/git)
WARNING: You should add the boolean check kwarg to the run_command call.
         It currently defaults to false,
         but it will default to true in future releases of meson.
         See also: https://github.com/mesonbuild/meson/issues/9300
Running command: /usr/bin/python3 /lc0/scripts/checkdir.py libs/lczero-common/proto
--- stdout ---

--- stderr ---


Running command: /usr/bin/git rev-parse --short HEAD
--- stdout ---
fa5864b

--- stderr ---


Running command: /usr/bin/git diff-index --quiet HEAD
--- stdout ---

--- stderr ---


Running command: /usr/bin/git describe --exact-match --tags
--- stdout ---
v0.28.2

--- stderr ---


Configuring build_id.h using configuration
Run-time dependency threads found: YES
Running compile:
Working directory:  /lc0/build/release/meson-private/tmpx484u11y
Command line:  c++ /lc0/build/release/meson-private/tmpx484u11y/testfile.cpp -o /lc0/build/release/meson-private/tmpx484u11y/output.exe -D_FILE_OFFSET_BITS=64 -O0 -fpermissive -Wl,--start-group -ldl -Wl,--end-group -Wl,--allow-shlib-undefined 

Code:
 int main(void) { return 0; }

Compiler stdout:
 
Compiler stderr:
 
Library dl found: YES
Pkg-config binary for 1 is not cached.
Pkg-config binary missing from cross or native file, or env var undefined.
Trying a default Pkg-config fallback at pkg-config
Found pkg-config: /usr/bin/pkg-config (0.29.1)
Determining dependency 'tensorflow_cc' with pkg-config executable '/usr/bin/pkg-config'
env[PKG_CONFIG_PATH]: 
Called `/usr/bin/pkg-config --modversion tensorflow_cc` -> 1

CMake binary for 1 is not cached
CMake binary missing from cross or native file, or env var undefined.
Trying a default CMake fallback at cmake
Did not find CMake 'cmake'
Found CMake: NO
CMake binary for machine 1 not found. Giving up.
Run-time dependency tensorflow_cc found: NO (tried pkgconfig and cmake)
Pkg-config binary for 1 is cached.
Determining dependency 'Accelerate' with pkg-config executable '/usr/bin/pkg-config'
env[PKG_CONFIG_PATH]: 
Called `/usr/bin/pkg-config --modversion Accelerate` -> 1

CMake binary for 1 is cached as not found
CMake binary for machine 1 not found. Giving up.
Run-time dependency accelerate found: NO (tried pkgconfig and cmake)
Running compile:
Working directory:  /lc0/build/release/meson-private/tmpcu1ua8eq
Command line:  c++ /lc0/build/release/meson-private/tmpcu1ua8eq/testfile.cpp -o /lc0/build/release/meson-private/tmpcu1ua8eq/output.exe -D_FILE_OFFSET_BITS=64 -O0 -fpermissive 

Code:
 #include<stdio.h>
        
        int main(void) {
            printf("%ld\n", (long)(sizeof(void *)));
            return 0;
        }
Compiler stdout:
 
Compiler stderr:
 
Program stdout:

8

Program stderr:


Running compile:
Working directory:  /lc0/build/release/meson-private/tmp2q98k2dl
Command line:  c++ /lc0/build/release/meson-private/tmp2q98k2dl/testfile.cpp -o /lc0/build/release/meson-private/tmp2q98k2dl/output.obj -c -D_FILE_OFFSET_BITS=64 -O0 -fpermissive --print-search-dirs 

Code:
 
Compiler stdout:
 install: /usr/lib/gcc/x86_64-linux-gnu/7/
programs: =/usr/lib/gcc/x86_64-linux-gnu/7/:/usr/lib/gcc/x86_64-linux-gnu/7/:/usr/lib/gcc/x86_64-linux-gnu/:/usr/lib/gcc/x86_64-linux-gnu/7/:/usr/lib/gcc/x86_64-linux-gnu/:/usr/lib/gcc/x86_64-linux-gnu/7/../../../../x86_64-linux-gnu/bin/x86_64-linux-gnu/7/:/usr/lib/gcc/x86_64-linux-gnu/7/../../../../x86_64-linux-gnu/bin/x86_64-linux-gnu/:/usr/lib/gcc/x86_64-linux-gnu/7/../../../../x86_64-linux-gnu/bin/
libraries: =/usr/lib/gcc/x86_64-linux-gnu/7/:/usr/lib/gcc/x86_64-linux-gnu/7/../../../../x86_64-linux-gnu/lib/x86_64-linux-gnu/7/:/usr/lib/gcc/x86_64-linux-gnu/7/../../../../x86_64-linux-gnu/lib/x86_64-linux-gnu/:/usr/lib/gcc/x86_64-linux-gnu/7/../../../../x86_64-linux-gnu/lib/../lib/:/usr/lib/gcc/x86_64-linux-gnu/7/../../../x86_64-linux-gnu/7/:/usr/lib/gcc/x86_64-linux-gnu/7/../../../x86_64-linux-gnu/:/usr/lib/gcc/x86_64-linux-gnu/7/../../../../lib/:/lib/x86_64-linux-gnu/7/:/lib/x86_64-linux-gnu/:/lib/../lib/:/usr/lib/x86_64-linux-gnu/7/:/usr/lib/x86_64-linux-gnu/:/usr/lib/../lib/:/usr/lib/gcc/x86_64-linux-gnu/7/../../../../x86_64-linux-gnu/lib/:/usr/lib/gcc/x86_64-linux-gnu/7/../../../:/lib/:/usr/lib/

Compiler stderr:
 
Library mkl_rt found: NO
Library mklml found: NO
Library dnnl found: NO
Library openblas.dll found: NO
Library openblas found: YES
Running compile:
Working directory:  /lc0/build/release/meson-private/tmpx5alyyg3
Command line:  c++ /lc0/build/release/meson-private/tmpx5alyyg3/testfile.cpp -E -P -D_FILE_OFFSET_BITS=64 -P -O0 -fpermissive -std=c++17 

Code:
 
        #ifdef __has_include
         #if !__has_include("openblas_config.h")
          #error "Header 'openblas_config.h' could not be found"
         #endif
        #else
         #include <openblas_config.h>
        #endif
Compiler stdout:
 
Compiler stderr:
 
Has header "openblas_config.h" : YES 
Pkg-config binary for 1 is cached.
Determining dependency 'eigen3' with pkg-config executable '/usr/bin/pkg-config'
env[PKG_CONFIG_PATH]: 
Called `/usr/bin/pkg-config --modversion eigen3` -> 1

CMake binary for 1 is cached as not found
CMake binary for machine 1 not found. Giving up.
Run-time dependency eigen3 found: NO (tried pkgconfig and cmake)
Looking for a fallback subproject for the dependency eigen3
Downloading eigen source from https://gitlab.com/libeigen/eigen/-/archive/3.3.7/eigen-3.3.7.tar.bz2
Downloading eigen patch from https://github.com/borg323/eigen/files/5124100/eigen-3.3.7-1u-wrap.zip

Executing subproject eigen 

Project name: eigen
Project version: 3.3.7
C++ compiler for the host machine: c++ (gcc 7.5.0 "c++ (Ubuntu 7.5.0-3ubuntu1~18.04) 7.5.0")
C++ linker for the host machine: c++ ld.bfd 2.30
C++ compiler for the build machine: c++ (gcc 7.5.0 "c++ (Ubuntu 7.5.0-3ubuntu1~18.04) 7.5.0")
C++ linker for the build machine: c++ ld.bfd 2.30
Build targets in project: 0
Subproject eigen finished.

Dependency eigen3 from subproject subprojects/eigen-3.3.7 found: YES 3.3.7
Program ispc found: NO
Library OpenCL found: NO
Run-time dependency opencl found: NO 
Library cublas found: NO
Library cudnn found: NO
Library cudart found: NO
Program nvcc /usr/local/cuda/bin/nvcc /opt/cuda/bin/nvcc found: NO
Pkg-config binary for 1 is cached.
Determining dependency 'zlib' with pkg-config executable '/usr/bin/pkg-config'
env[PKG_CONFIG_PATH]: 
Called `/usr/bin/pkg-config --modversion zlib` -> 1

CMake binary for 1 is cached as not found
CMake binary for machine 1 not found. Giving up.
Running compile:
Working directory:  /lc0/build/release/meson-private/tmpk4vz_4za
Command line:  c++ /lc0/build/release/meson-private/tmpk4vz_4za/testfile.cpp -o /lc0/build/release/meson-private/tmpk4vz_4za/output.exe -D_FILE_OFFSET_BITS=64 -O0 -fpermissive -Wl,--start-group -lz -Wl,--end-group -Wl,--allow-shlib-undefined 

Code:
 int main(void) { return 0; }

Compiler stdout:
 
Compiler stderr:
 /usr/bin/ld: cannot find -lz
collect2: error: ld returned 1 exit status

Running compile:
Working directory:  /lc0/build/release/meson-private/tmpwtnhbeu7
Command line:  c++ /lc0/build/release/meson-private/tmpwtnhbeu7/testfile.cpp -E -P -D_FILE_OFFSET_BITS=64 -P -O0 -fpermissive 

Code:
 
        #ifdef __has_include
         #if !__has_include("zlib.h")
          #error "Header 'zlib.h' could not be found"
         #endif
        #else
         #include <zlib.h>
        #endif
Compiler stdout:
 
Compiler stderr:
 /lc0/build/release/meson-private/tmpwtnhbeu7/testfile.cpp:4:12: error: #error "Header 'zlib.h' could not be found"
           #error "Header 'zlib.h' could not be found"
            ^~~~~

Run-time dependency zlib found: NO (tried pkgconfig, cmake and system)
Looking for a fallback subproject for the dependency zlib
Downloading zlib source from http://zlib.net/fossils/zlib-1.2.11.tar.gz
Downloading zlib patch from https://wrapdb.mesonbuild.com/v1/projects/zlib/1.2.11/4/get_zip

Executing subproject zlib 

Project name: zlib
Project version: 1.2.11
Sanity testing C compiler: cc
Is cross compiler: False.
Sanity check compiler command line: cc sanitycheckc.c -o sanitycheckc.exe -D_FILE_OFFSET_BITS=64
Sanity check compile stdout:

-----
Sanity check compile stderr:

-----
Running test binary command: /lc0/build/release/meson-private/sanitycheckc.exe
C compiler for the host machine: cc (gcc 7.5.0 "cc (Ubuntu 7.5.0-3ubuntu1~18.04) 7.5.0")
C linker for the host machine: cc ld.bfd 2.30
Sanity testing C compiler: cc
Is cross compiler: False.
Sanity check compiler command line: cc sanitycheckc.c -o sanitycheckc.exe -D_FILE_OFFSET_BITS=64
Sanity check compile stdout:

-----
Sanity check compile stderr:

-----
Running test binary command: /lc0/build/release/meson-private/sanitycheckc.exe
C compiler for the build machine: cc (gcc 7.5.0 "cc (Ubuntu 7.5.0-3ubuntu1~18.04) 7.5.0")
C linker for the build machine: cc ld.bfd 2.30
Running compile:
Working directory:  /lc0/build/release/meson-private/tmpii4_z8z6
Command line:  cc /lc0/build/release/meson-private/tmpii4_z8z6/testfile.c -o /lc0/build/release/meson-private/tmpii4_z8z6/output.obj -c -D_FILE_OFFSET_BITS=64 -O0 -Wimplicit-fallthrough -Wno-implicit-fallthrough 

Code:
 extern int i;
int i;

Compiler stdout:
 
Compiler stderr:
 
Compiler for C supports arguments -Wno-implicit-fallthrough: YES 
Running compile:
Working directory:  /lc0/build/release/meson-private/tmp4ioia85w
Command line:  cc /lc0/build/release/meson-private/tmp4ioia85w/testfile.c -o /lc0/build/release/meson-private/tmp4ioia85w/output.obj -c -D_FILE_OFFSET_BITS=64 -O0 -Wimplicit-function-declaration -Wno-implicit-function-declaration 

Code:
 extern int i;
int i;

Compiler stdout:
 
Compiler stderr:
 
Compiler for C supports arguments -Wno-implicit-function-declaration: YES 
Build targets in project: 1
Subproject zlib finished.

Dependency zlib from subproject subprojects/zlib-1.2.11 found: YES 1.2.11
Running compile:
Working directory:  /lc0/build/release/meson-private/tmp787jehaq
Command line:  c++ /lc0/build/release/meson-private/tmp787jehaq/testfile.cpp -o /lc0/build/release/meson-private/tmp787jehaq/output.exe -D_FILE_OFFSET_BITS=64 -O0 -fpermissive -Wl,--start-group -llibatomic -Wl,--end-group -Wl,--allow-shlib-undefined 

Code:
 int main(void) { return 0; }

Compiler stdout:
 
Compiler stderr:
 /usr/bin/ld: cannot find -llibatomic
collect2: error: ld returned 1 exit status

Library libatomic found: YES
Pkg-config binary for 1 is cached.
Determining dependency 'gtest' with pkg-config executable '/usr/bin/pkg-config'
env[PKG_CONFIG_PATH]: 
Called `/usr/bin/pkg-config --modversion gtest` -> 1

Running compile:
Working directory:  /lc0/build/release/meson-private/tmp87ax4a8w
Command line:  c++ /lc0/build/release/meson-private/tmp87ax4a8w/testfile.cpp -o /lc0/build/release/meson-private/tmp87ax4a8w/output.exe -D_FILE_OFFSET_BITS=64 -O0 -fpermissive -Wl,--start-group -lgtest -Wl,--end-group -Wl,--allow-shlib-undefined 

Code:
 int main(void) { return 0; }

Compiler stdout:
 
Compiler stderr:
 /usr/bin/ld: cannot find -lgtest
collect2: error: ld returned 1 exit status

Running compile:
Working directory:  /lc0/build/release/meson-private/tmp3rkokgco
Command line:  c++ /lc0/build/release/meson-private/tmp3rkokgco/testfile.cpp -o /lc0/build/release/meson-private/tmp3rkokgco/output.exe -D_FILE_OFFSET_BITS=64 -O0 -fpermissive -Wl,--start-group -lgtest_main -Wl,--end-group -Wl,--allow-shlib-undefined 

Code:
 int main(void) { return 0; }

Compiler stdout:
 
Compiler stderr:
 /usr/bin/ld: cannot find -lgtest_main
collect2: error: ld returned 1 exit status

Run-time dependency GTest found: NO (tried pkgconfig and system)
Looking for a fallback subproject for the dependency gtest
Downloading gtest source from https://github.com/google/googletest/archive/release-1.10.0.zip
Downloading gtest patch from https://wrapdb.mesonbuild.com/v1/projects/gtest/1.10.0/1/get_zip

Executing subproject gtest 

Project name: gtest
Project version: 1.10.0
C++ compiler for the host machine: c++ (gcc 7.5.0 "c++ (Ubuntu 7.5.0-3ubuntu1~18.04) 7.5.0")
C++ linker for the host machine: c++ ld.bfd 2.30
C++ compiler for the build machine: c++ (gcc 7.5.0 "c++ (Ubuntu 7.5.0-3ubuntu1~18.04) 7.5.0")
C++ linker for the build machine: c++ ld.bfd 2.30
Dependency threads found: YES unknown (cached)
Dependency threads found: YES unknown (cached)
Dependency threads found: YES unknown (cached)
Dependency threads found: YES unknown (cached)
Build targets in project: 2
Subproject gtest finished.

Dependency gtest from subproject subprojects/googletest-release-1.10.0 found: YES 1.10.0
Adding test "ChessBoard"
Adding test "HashCat"
Adding test "PositionTest"
Adding test "OptionsParserTest"
Adding test "SyzygyTest"
Adding test "EncodePositionForNN"
Build targets in project: 9

lc0 undefined

  Subprojects
    eigen    : YES
    gtest    : YES
    zlib     : YES

  User defined options
    buildtype: release
    prefix   : /usr/local

Found ninja-1.11.1.git.kitware.jobserver-1 at /usr/local/bin/ninja
Running compile:
Working directory:  /lc0/build/release/meson-private/tmp25jhucka
Command line:  cc /lc0/build/release/meson-private/tmp25jhucka/testfile.c -o /lc0/build/release/meson-private/tmp25jhucka/output.obj -c -D_FILE_OFFSET_BITS=64 -O0 --print-search-dirs 

Code:
 
Compiler stdout:
 install: /usr/lib/gcc/x86_64-linux-gnu/7/
programs: =/usr/lib/gcc/x86_64-linux-gnu/7/:/usr/lib/gcc/x86_64-linux-gnu/7/:/usr/lib/gcc/x86_64-linux-gnu/:/usr/lib/gcc/x86_64-linux-gnu/7/:/usr/lib/gcc/x86_64-linux-gnu/:/usr/lib/gcc/x86_64-linux-gnu/7/../../../../x86_64-linux-gnu/bin/x86_64-linux-gnu/7/:/usr/lib/gcc/x86_64-linux-gnu/7/../../../../x86_64-linux-gnu/bin/x86_64-linux-gnu/:/usr/lib/gcc/x86_64-linux-gnu/7/../../../../x86_64-linux-gnu/bin/
libraries: =/usr/lib/gcc/x86_64-linux-gnu/7/:/usr/lib/gcc/x86_64-linux-gnu/7/../../../../x86_64-linux-gnu/lib/x86_64-linux-gnu/7/:/usr/lib/gcc/x86_64-linux-gnu/7/../../../../x86_64-linux-gnu/lib/x86_64-linux-gnu/:/usr/lib/gcc/x86_64-linux-gnu/7/../../../../x86_64-linux-gnu/lib/../lib/:/usr/lib/gcc/x86_64-linux-gnu/7/../../../x86_64-linux-gnu/7/:/usr/lib/gcc/x86_64-linux-gnu/7/../../../x86_64-linux-gnu/:/usr/lib/gcc/x86_64-linux-gnu/7/../../../../lib/:/lib/x86_64-linux-gnu/7/:/lib/x86_64-linux-gnu/:/lib/../lib/:/usr/lib/x86_64-linux-gnu/7/:/usr/lib/x86_64-linux-gnu/:/usr/lib/../lib/:/usr/lib/gcc/x86_64-linux-gnu/7/../../../../x86_64-linux-gnu/lib/:/usr/lib/gcc/x86_64-linux-gnu/7/../../../:/lib/:/usr/lib/

Compiler stderr:
 
NOTICE: You are using Python 3.6 which is EOL. Starting with v0.62.0, Meson will require Python 3.7 or newer
